Analyzing directories and files in: /home/boss



Counting directories at 2025-01-25_08-07-56...

Directory Method 1 (find)
Running: sudo find '/home/boss' -type d | wc -l
Count: 110676
Time: 42.999816534 seconds

Directory Method 2 (tree)
Running: sudo tree -afi '/home/boss' | tail -n 1 | awk '{print $1}'
Count: 110829
Time: 35.922596037 seconds

Directory Method 5 (bash loop)
Running: count=0; while IFS= read -r line; do count=$((count + 1)); done < <(sudo find '/home/boss' -type d); echo $count
Count: 110676
Time: 13.644653187 seconds

Directory Method 6 (perl)
Running: sudo /usr/bin/perl -MFile::Find -le 'find({wanted => sub {}, postprocess => sub { ++$n }}, "/home/boss"); print $n'
Count: 110676
Time: 12.104748649 seconds

Directory Method 7 (python)
Running: sudo /usr/bin/python3 -c '
import os
count = 0
for root, dirs, _ in os.walk("/home/boss", followlinks=False):
    count += len(dirs)
print(count)'

Count: 110828
Time: 6.922957399 seconds

Directory Method 8 (powershell)
Running: sudo /usr/bin/pwsh -Command "Get-ChildItem -Recurse -Force -Attributes Directory -Path \"/home/boss\" | Measure-Object | Select-Object -ExpandProperty Count"
Count: 110828
Time: 30.923552563 seconds

Counting files at 2025-01-25_08-07-56...

File Method 1 (find)
Running: sudo find '/home/boss' -type f | wc -l
Count: 553434
Time: 4.081454133 seconds

File Method 2 (tree)
Running: sudo tree -a '/home/boss' | tail -n1 | awk '{print $3}'
Count: 554270
Time: 16.896301002 seconds

File Method 4 (bash loop)
Running: count=0; while IFS= read -r line; do count=$((count + 1)); done < <(sudo find '/home/boss' -type f); echo $count
Count: 553434
Time: 91.730180682 seconds

File Method 5 (perl)
Running: sudo /usr/bin/perl -MFile::Find -le 'find({wanted => sub { ++$n },postprocess => sub {--$n}}, "/home/boss"); print $n'
Count: 554423
Time: 12.180593002 seconds

File Method 6 (python)
Running: sudo /usr/bin/python3 -c 'import os; print(sum([len(files) for _, _, files in os.walk("/home/boss")]))'
Count: 554270
Time: 6.831225676 seconds

File Method 7 (powershell)
Running: sudo /usr/bin/pwsh -Command "Get-ChildItem -Recurse -Force -File -Path \"/home/boss\" | Measure-Object | Select-Object -ExpandProperty Count"
Count: 554270
Time: 68.562029622 seconds

