Analyzing directories and files in: /home/boss/new_linux



Counting directories at 2025-04-02_09-37-23...

Directory Method 1 (find)
Running: sudo find '/home/boss/new_linux' -type d | wc -l
Count: 254
Time: .080702317 seconds

Directory Method 2 (tree)
Running: sudo tree -afi '/home/boss/new_linux' | tail -n 1 | awk '{print $1}'
Count: 254
Time: .067900021 seconds

Directory Method 5 (bash loop)
Running: count=0; while IFS= read -r line; do count=$((count + 1)); done < <(sudo find '/home/boss/new_linux' -type d); echo $count
Count: 254
Time: .079173165 seconds

Directory Method 6 (perl)
Running: sudo /usr/bin/perl -MFile::Find -le 'find({wanted => sub {}, postprocess => sub { ++$n }}, "/home/boss/new_linux"); print $n'
Count: 254
Time: .140036010 seconds

Directory Method 7 (python)
Running: sudo /usr/bin/python3 -c '
import os
count = 0
for root, dirs, _ in os.walk("/home/boss/new_linux", followlinks=False):
    count += len(dirs)
print(count)'

Count: 253
Time: .133751731 seconds

Directory Method 8 (powershell)
Running: sudo /usr/bin/pwsh -Command "Get-ChildItem -Recurse -Force -Attributes Directory -Path \"/home/boss/new_linux\" | Measure-Object | Select-Object -ExpandProperty Count"
Count: 253
Time: 2.068128116 seconds

Counting files at 2025-04-02_09-37-23...

File Method 1 (find)
Running: sudo find '/home/boss/new_linux' -type f | wc -l
Count: 924
Time: .059270669 seconds

File Method 2 (tree)
Running: sudo tree -a '/home/boss/new_linux' | tail -n1 | awk '{print $3}'
Count: 924
Time: .078718328 seconds

File Method 4 (bash loop)
Running: count=0; while IFS= read -r line; do count=$((count + 1)); done < <(sudo find '/home/boss/new_linux' -type f); echo $count
Count: 924
Time: .113147007 seconds

File Method 5 (perl)
Running: sudo /usr/bin/perl -MFile::Find -le 'find({wanted => sub { ++$n },postprocess => sub {--$n}}, "/home/boss/new_linux"); print $n'
Count: 924
Time: .124713880 seconds

File Method 6 (python)
Running: sudo /usr/bin/python3 -c 'import os; print(sum([len(files) for _, _, files in os.walk("/home/boss/new_linux")]))'
Count: 924
Time: .138450411 seconds

File Method 7 (powershell)
Running: sudo /usr/bin/pwsh -Command "Get-ChildItem -Recurse -Force -File -Path \"/home/boss/new_linux\" | Measure-Object | Select-Object -ExpandProperty Count"
Count: 924
Time: 2.230395529 seconds

